# JRE version: Java(TM) SE Runtime Environment (8.0_201-b09) (build 1.8.0_201-b09)
# Java VM: Java HotSpot(TM) 64-Bit Server VM (25.201-b09 mixed mode linux-amd64 compressed oops)
Heap:
 PSYoungGen      total 201216K, used 114911K [0x000000076d000000, 0x000000077a680000, 0x00000007c0000000)
  eden space 184320K, 62% used [0x000000076d000000,0x0000000774037d08,0x0000000778400000)
  from space 16896K, 0% used [0x0000000779500000,0x0000000779500000,0x000000077a580000)
  to   space 17408K, 9% used [0x0000000778400000,0x00000007785a8020,0x0000000779500000)
 ParOldGen       total 105472K, used 18796K [0x00000006c7000000, 0x00000006cd700000, 0x000000076d000000)
  object space 105472K, 17% used [0x00000006c7000000,0x00000006c825b368,0x00000006cd700000)
 Metaspace       used 35087K, capacity 35692K, committed 35888K, reserved 1081344K
  class space    used 4153K, capacity 4312K, committed 4400K, reserved 1048576K
GC Heap History (10 events):
Event: 6.308 GC heap after
Heap after GC invocations=7 (full 1):
 PSYoungGen      total 196096K, used 11241K [0x000000076d000000, 0x000000077a080000, 0x00000007c0000000)
  eden space 184832K, 0% used [0x000000076d000000,0x000000076d000000,0x0000000778480000)
  from space 11264K, 99% used [0x0000000779400000,0x0000000779efa620,0x0000000779f00000)
  to   space 14336K, 0% used [0x0000000778480000,0x0000000778480000,0x0000000779280000)
 ParOldGen       total 105472K, used 10346K [0x00000006c7000000, 0x00000006cd700000, 0x000000076d000000)
  object space 105472K, 9% used [0x00000006c7000000,0x00000006c7a1a8d8,0x00000006cd700000)
 Metaspace       used 30251K, capacity 30590K, committed 31024K, reserved 1077248K
  class space    used 3652K, capacity 3771K, committed 3888K, reserved 1048576K
}
Event: 116.815 GC heap before
{Heap before GC invocations=8 (full 1):
 PSYoungGen      total 196096K, used 87029K [0x000000076d000000, 0x000000077a080000, 0x00000007c0000000)
  eden space 184832K, 41% used [0x000000076d000000,0x0000000771a02e60,0x0000000778480000)
  from space 11264K, 99% used [0x0000000779400000,0x0000000779efa620,0x0000000779f00000)
  to   space 14336K, 0% used [0x0000000778480000,0x0000000778480000,0x0000000779280000)
 ParOldGen       total 105472K, used 10346K [0x00000006c7000000, 0x00000006cd700000, 0x000000076d000000)
  object space 105472K, 9% used [0x00000006c7000000,0x00000006c7a1a8d8,0x00000006cd700000)
 Metaspace       used 34176K, capacity 34570K, committed 34992K, reserved 1079296K
  class space    used 4117K, capacity 4212K, committed 4272K, reserved 1048576K
Event: 116.840 GC heap after
Heap after GC invocations=8 (full 1):
 PSYoungGen      total 199168K, used 14322K [0x000000076d000000, 0x000000077a580000, 0x00000007c0000000)
  eden space 184832K, 0% used [0x000000076d000000,0x000000076d000000,0x0000000778480000)
  from space 14336K, 99% used [0x0000000778480000,0x000000077927ca88,0x0000000779280000)
  to   space 16896K, 0% used [0x0000000779500000,0x0000000779500000,0x000000077a580000)
 ParOldGen       total 105472K, used 11312K [0x00000006c7000000, 0x00000006cd700000, 0x000000076d000000)
  object space 105472K, 10% used [0x00000006c7000000,0x00000006c7b0c010,0x00000006cd700000)
 Metaspace       used 34176K, capacity 34570K, committed 34992K, reserved 1079296K
  class space    used 4117K, capacity 4212K, committed 4272K, reserved 1048576K
}
Event: 116.840 GC heap before
{Heap before GC invocations=9 (full 2):
 PSYoungGen      total 199168K, used 14322K [0x000000076d000000, 0x000000077a580000, 0x00000007c0000000)
  eden space 184832K, 0% used [0x000000076d000000,0x000000076d000000,0x0000000778480000)
  from space 14336K, 99% used [0x0000000778480000,0x000000077927ca88,0x0000000779280000)
  to   space 16896K, 0% used [0x0000000779500000,0x0000000779500000,0x000000077a580000)
 ParOldGen       total 105472K, used 11312K [0x00000006c7000000, 0x00000006cd700000, 0x000000076d000000)
  object space 105472K, 10% used [0x00000006c7000000,0x00000006c7b0c010,0x00000006cd700000)
 Metaspace       used 34176K, capacity 34570K, committed 34992K, reserved 1079296K
  class space    used 4117K, capacity 4212K, committed 4272K, reserved 1048576K
Event: 117.021 GC heap after
Heap after GC invocations=9 (full 2):
 PSYoungGen      total 199168K, used 0K [0x000000076d000000, 0x000000077a580000, 0x00000007c0000000)
  eden space 184832K, 0% used [0x000000076d000000,0x000000076d000000,0x0000000778480000)
  from space 14336K, 0% used [0x0000000778480000,0x0000000778480000,0x0000000779280000)
  to   space 16896K, 0% used [0x0000000779500000,0x0000000779500000,0x000000077a580000)
 ParOldGen       total 105472K, used 19907K [0x00000006c7000000, 0x00000006cd700000, 0x000000076d000000)
  object space 105472K, 18% used [0x00000006c7000000,0x00000006c8370ee8,0x00000006cd700000)
 Metaspace       used 34176K, capacity 34570K, committed 34992K, reserved 1079296K
  class space    used 4117K, capacity 4212K, committed 4272K, reserved 1048576K
}
Event: 148.760 GC heap before
{Heap before GC invocations=10 (full 2):
 PSYoungGen      total 199168K, used 106022K [0x000000076d000000, 0x000000077a580000, 0x00000007c0000000)
  eden space 184832K, 57% used [0x000000076d000000,0x0000000773789928,0x0000000778480000)
  from space 14336K, 0% used [0x0000000778480000,0x0000000778480000,0x0000000779280000)
  to   space 16896K, 0% used [0x0000000779500000,0x0000000779500000,0x000000077a580000)
 ParOldGen       total 105472K, used 19907K [0x00000006c7000000, 0x00000006cd700000, 0x000000076d000000)
  object space 105472K, 18% used [0x00000006c7000000,0x00000006c8370ee8,0x00000006cd700000)
 Metaspace       used 34684K, capacity 35214K, committed 35504K, reserved 1081344K
  class space    used 4137K, capacity 4264K, committed 4272K, reserved 1048576K
Event: 148.766 GC heap after
Heap after GC invocations=10 (full 2):
 PSYoungGen      total 201216K, used 2484K [0x000000076d000000, 0x000000077a680000, 0x00000007c0000000)
  eden space 184320K, 0% used [0x000000076d000000,0x000000076d000000,0x0000000778400000)
  from space 16896K, 14% used [0x0000000779500000,0x000000077976d140,0x000000077a580000)
  to   space 17408K, 0% used [0x0000000778400000,0x0000000778400000,0x0000000779500000)
 ParOldGen       total 105472K, used 19915K [0x00000006c7000000, 0x00000006cd700000, 0x000000076d000000)
  object space 105472K, 18% used [0x00000006c7000000,0x00000006c8372ee8,0x00000006cd700000)
 Metaspace       used 34684K, capacity 35214K, committed 35504K, reserved 1081344K
  class space    used 4137K, capacity 4264K, committed 4272K, reserved 1048576K
}
Event: 148.766 GC heap before
{Heap before GC invocations=11 (full 3):
 PSYoungGen      total 201216K, used 2484K [0x000000076d000000, 0x000000077a680000, 0x00000007c0000000)
  eden space 184320K, 0% used [0x000000076d000000,0x000000076d000000,0x0000000778400000)
  from space 16896K, 14% used [0x0000000779500000,0x000000077976d140,0x000000077a580000)
  to   space 17408K, 0% used [0x0000000778400000,0x0000000778400000,0x0000000779500000)
 ParOldGen       total 105472K, used 19915K [0x00000006c7000000, 0x00000006cd700000, 0x000000076d000000)
  object space 105472K, 18% used [0x00000006c7000000,0x00000006c8372ee8,0x00000006cd700000)
 Metaspace       used 34684K, capacity 35214K, committed 35504K, reserved 1081344K
  class space    used 4137K, capacity 4264K, committed 4272K, reserved 1048576K
Event: 148.903 GC heap after
Heap after GC invocations=11 (full 3):
 PSYoungGen      total 201216K, used 0K [0x000000076d000000, 0x000000077a680000, 0x00000007c0000000)
  eden space 184320K, 0% used [0x000000076d000000,0x000000076d000000,0x0000000778400000)
  from space 16896K, 0% used [0x0000000779500000,0x0000000779500000,0x000000077a580000)
  to   space 17408K, 0% used [0x0000000778400000,0x0000000778400000,0x0000000779500000)
 ParOldGen       total 105472K, used 18788K [0x00000006c7000000, 0x00000006cd700000, 0x000000076d000000)
  object space 105472K, 17% used [0x00000006c7000000,0x00000006c8259368,0x00000006cd700000)
 Metaspace       used 34682K, capacity 35208K, committed 35504K, reserved 1081344K
  class space    used 4137K, capacity 4262K, committed 4272K, reserved 1048576K
}
Event: 313.961 GC heap before
{Heap before GC invocations=12 (full 3):
 PSYoungGen      total 201216K, used 114911K [0x000000076d000000, 0x000000077a680000, 0x00000007c0000000)
  eden space 184320K, 62% used [0x000000076d000000,0x0000000774037d08,0x0000000778400000)
  from space 16896K, 0% used [0x0000000779500000,0x0000000779500000,0x000000077a580000)
  to   space 17408K, 0% used [0x0000000778400000,0x0000000778400000,0x0000000779500000)
 ParOldGen       total 105472K, used 18788K [0x00000006c7000000, 0x00000006cd700000, 0x000000076d000000)
  object space 105472K, 17% used [0x00000006c7000000,0x00000006c8259368,0x00000006cd700000)
 Metaspace       used 35087K, capacity 35692K, committed 35888K, reserved 1081344K
  class space    used 4153K, capacity 4312K, committed 4400K, reserved 1048576K

